----------------------------------------------------------------------------------------------
| Id  | Operation            | Name                  | Rows  | Bytes | Cost (%CPU)| Time     |
----------------------------------------------------------------------------------------------
|   0 | SELECT STATEMENT     |                       |    68 |   476 |     3   (0)| 00:00:01 |
|   1 |  MAT_VIEW ACCESS FULL| EMPLOYEES_NAMES_MVIEW |    68 |   476 |     3   (0)| 00:00:01 |
----------------------------------------------------------------------------------------------


Statistics
----------------------------------------------------------
        934  recursive calls
          0  db block gets
       1460  consistent gets
         96  physical reads
          0  redo size
       2239  bytes sent via SQL*Net to client
         96  bytes received via SQL*Net from client
          6  SQL*Net roundtrips to/from client
         81  sorts (memory)
          0  sorts (disk)
         68  rows processed